c:\vsprojects\projects\openglcourse_1.0\shadowmapping\debug\vc143.pdb
c:\vsprojects\projects\openglcourse_1.0\shadowmapping\debug\vc143.idb
c:\vsprojects\projects\openglcourse_1.0\shadowmapping\debug\window.obj
c:\vsprojects\projects\openglcourse_1.0\shadowmapping\debug\texture.obj
c:\vsprojects\projects\openglcourse_1.0\shadowmapping\debug\shader.obj
c:\vsprojects\projects\openglcourse_1.0\shadowmapping\debug\mesh.obj
c:\vsprojects\projects\openglcourse_1.0\shadowmapping\debug\material.obj
c:\vsprojects\projects\openglcourse_1.0\shadowmapping\debug\main.obj
c:\vsprojects\projects\openglcourse_1.0\shadowmapping\debug\light.obj
c:\vsprojects\projects\openglcourse_1.0\shadowmapping\debug\camera.obj
c:\vsprojects\projects\openglcourse_1.0\shadowmapping\debug\shadowmapping.ilk
c:\vsprojects\projects\openglcourse_1.0\debug\shadowmapping.pdb
c:\vsprojects\projects\openglcourse_1.0\shadowmapping\debug\shadowmapping.tlog\cl.command.1.tlog
c:\vsprojects\projects\openglcourse_1.0\shadowmapping\debug\shadowmapping.tlog\cl.items.tlog
c:\vsprojects\projects\openglcourse_1.0\shadowmapping\debug\shadowmapping.tlog\cl.read.1.tlog
c:\vsprojects\projects\openglcourse_1.0\shadowmapping\debug\shadowmapping.tlog\cl.write.1.tlog
c:\vsprojects\projects\openglcourse_1.0\shadowmapping\debug\shadowmapping.tlog\link-cvtres.read.1.tlog
c:\vsprojects\projects\openglcourse_1.0\shadowmapping\debug\shadowmapping.tlog\link-cvtres.write.1.tlog
c:\vsprojects\projects\openglcourse_1.0\shadowmapping\debug\shadowmapping.tlog\link-rc.read.1.tlog
c:\vsprojects\projects\openglcourse_1.0\shadowmapping\debug\shadowmapping.tlog\link-rc.write.1.tlog
c:\vsprojects\projects\openglcourse_1.0\shadowmapping\debug\shadowmapping.tlog\link.31024-cvtres.read.1.tlog
c:\vsprojects\projects\openglcourse_1.0\shadowmapping\debug\shadowmapping.tlog\link.31024-cvtres.write.1.tlog
c:\vsprojects\projects\openglcourse_1.0\shadowmapping\debug\shadowmapping.tlog\link.31024-rc.read.1.tlog
c:\vsprojects\projects\openglcourse_1.0\shadowmapping\debug\shadowmapping.tlog\link.31024-rc.write.1.tlog
c:\vsprojects\projects\openglcourse_1.0\shadowmapping\debug\shadowmapping.tlog\link.31024.read.1.tlog
c:\vsprojects\projects\openglcourse_1.0\shadowmapping\debug\shadowmapping.tlog\link.31024.write.1.tlog
c:\vsprojects\projects\openglcourse_1.0\shadowmapping\debug\shadowmapping.tlog\link.command.1.tlog
c:\vsprojects\projects\openglcourse_1.0\shadowmapping\debug\shadowmapping.tlog\link.read.1.tlog
c:\vsprojects\projects\openglcourse_1.0\shadowmapping\debug\shadowmapping.tlog\link.secondary.1.tlog
c:\vsprojects\projects\openglcourse_1.0\shadowmapping\debug\shadowmapping.tlog\link.write.1.tlog
